[debug] [2025-11-11T08:17:03.454Z] ----------------------------------------------------------------------
[debug] [2025-11-11T08:17:03.457Z] Command:       /usr/local/bin/firebase /home/student-01-b1134f498c36/.cache/firebase/tools/lib/node_modules/firebase-tools/lib/bin/firebase init
[debug] [2025-11-11T08:17:03.457Z] CLI Version:   14.24.2
[debug] [2025-11-11T08:17:03.458Z] Platform:      linux
[debug] [2025-11-11T08:17:03.458Z] Node Version:  v20.18.2
[debug] [2025-11-11T08:17:03.458Z] Time:          Tue Nov 11 2025 08:17:03 GMT+0000 (Coordinated Universal Time)
[debug] [2025-11-11T08:17:03.458Z] ----------------------------------------------------------------------
[debug] 
[debug] [2025-11-11T08:17:03.461Z] >>> [apiv2][query] GET https://firebase-public.firebaseio.com/cli.json [none]
[info] 
     ######## #### ########  ######## ########     ###     ######  ########
     ##        ##  ##     ## ##       ##     ##  ##   ##  ##       ##
     ######    ##  ########  ######   ########  #########  ######  ######
     ##        ##  ##    ##  ##       ##     ## ##     ##       ## ##
     ##       #### ##     ## ######## ########  ##     ##  ######  ########

You're about to initialize a Firebase project in this directory:

  /home/student-01-b1134f498c36/my_hugo_site

[debug] [2025-11-11T08:17:03.707Z] <<< [apiv2][status] GET https://firebase-public.firebaseio.com/cli.json 200
[debug] [2025-11-11T08:17:03.708Z] <<< [apiv2][body] GET https://firebase-public.firebaseio.com/cli.json {"cloudBuildErrorAfter":1594252800000,"cloudBuildWarnAfter":1590019200000,"defaultNode10After":1594252800000,"minVersion":"3.0.5","node8DeploysDisabledAfter":1613390400000,"node8RuntimeDisabledAfter":1615809600000,"node8WarnAfter":1600128000000}
[info] 
=== Project Setup
[info] 
[info] First, let's associate this project directory with a Firebase project.
[info] You can create multiple project aliases by running firebase use --add, 
[info] 
[debug] [2025-11-11T08:18:58.494Z] > command requires scopes: ["email","openid","https://www.googleapis.com/auth/cloudplatformprojects.readonly","https://www.googleapis.com/auth/firebase","https://www.googleapis.com/auth/cloud-platform"]
[debug] [2025-11-11T08:19:00.959Z] Running auto auth
[debug] [2025-11-11T08:19:00.965Z] No OAuth tokens found
[debug] [2025-11-11T08:19:00.966Z] >>> [apiv2][query] GET https://firebase.googleapis.com/v1beta1/projects pageSize=100
[debug] [2025-11-11T08:19:01.460Z] <<< [apiv2][status] GET https://firebase.googleapis.com/v1beta1/projects 200
[debug] [2025-11-11T08:19:01.460Z] <<< [apiv2][body] GET https://firebase.googleapis.com/v1beta1/projects [omitted]
[info] 
=== Database Setup
[info] 
[info] Firebase Realtime Database Security Rules allow you to define how your data should be
[info] structured and when your data can be read from and written to.
[info] 
[info] i  database: ensuring required API firebasedatabase.googleapis.com is enabled... 
[debug] [2025-11-11T08:20:16.827Z] No OAuth tokens found
[debug] [2025-11-11T08:20:16.827Z] >>> [apiv2][query] GET https://serviceusage.googleapis.com/v1/projects/qwiklabs-gcp-00-613f74e42054/services/firebasedatabase.googleapis.com [none]
[debug] [2025-11-11T08:20:16.828Z] >>> [apiv2][(partial)header] GET https://serviceusage.googleapis.com/v1/projects/qwiklabs-gcp-00-613f74e42054/services/firebasedatabase.googleapis.com x-goog-quota-user=projects/qwiklabs-gcp-00-613f74e42054
[debug] [2025-11-11T08:20:17.199Z] <<< [apiv2][status] GET https://serviceusage.googleapis.com/v1/projects/qwiklabs-gcp-00-613f74e42054/services/firebasedatabase.googleapis.com 200
[debug] [2025-11-11T08:20:17.199Z] <<< [apiv2][body] GET https://serviceusage.googleapis.com/v1/projects/qwiklabs-gcp-00-613f74e42054/services/firebasedatabase.googleapis.com [omitted]
[warn] ⚠  database: missing required API firebasedatabase.googleapis.com. Enabling now... 
[debug] [2025-11-11T08:20:17.201Z] No OAuth tokens found
[debug] [2025-11-11T08:20:17.201Z] >>> [apiv2][query] POST https://serviceusage.googleapis.com/v1/projects/qwiklabs-gcp-00-613f74e42054/services/firebasedatabase.googleapis.com:enable [none]
[debug] [2025-11-11T08:20:17.201Z] >>> [apiv2][(partial)header] POST https://serviceusage.googleapis.com/v1/projects/qwiklabs-gcp-00-613f74e42054/services/firebasedatabase.googleapis.com:enable x-goog-quota-user=projects/qwiklabs-gcp-00-613f74e42054
[debug] [2025-11-11T08:20:17.639Z] <<< [apiv2][status] POST https://serviceusage.googleapis.com/v1/projects/qwiklabs-gcp-00-613f74e42054/services/firebasedatabase.googleapis.com:enable 200
[debug] [2025-11-11T08:20:17.640Z] <<< [apiv2][body] POST https://serviceusage.googleapis.com/v1/projects/qwiklabs-gcp-00-613f74e42054/services/firebasedatabase.googleapis.com:enable [omitted]
[info] 
[debug] [2025-11-11T08:20:27.647Z] No OAuth tokens found
[debug] [2025-11-11T08:20:27.648Z] >>> [apiv2][query] GET https://firebase.googleapis.com/v1beta1/projects/qwiklabs-gcp-00-613f74e42054 [none]
[debug] [2025-11-11T08:20:27.930Z] <<< [apiv2][status] GET https://firebase.googleapis.com/v1beta1/projects/qwiklabs-gcp-00-613f74e42054 200
[debug] [2025-11-11T08:20:27.931Z] <<< [apiv2][body] GET https://firebase.googleapis.com/v1beta1/projects/qwiklabs-gcp-00-613f74e42054 {"projectId":"qwiklabs-gcp-00-613f74e42054","projectNumber":"254873455399","displayName":"qwiklabs-gcp-00-613f74e42054","name":"projects/qwiklabs-gcp-00-613f74e42054","resources":{"hostingSite":"qwiklabs-gcp-00-613f74e42054"},"state":"ACTIVE","etag":"1_d51ae4ed-6913-4240-8b78-17c3bfe39b84"}
[debug] [2025-11-11T08:21:37.757Z] No OAuth tokens found
[debug] [2025-11-11T08:21:37.758Z] >>> [apiv2][query] POST https://firebasedatabase.googleapis.com/v1beta/projects/qwiklabs-gcp-00-613f74e42054/locations/us-central1/instances databaseId=qwiklabs-gcp-00-613f74e42054-default-rtdb&validateOnly=true
[debug] [2025-11-11T08:21:37.759Z] >>> [apiv2][body] POST https://firebasedatabase.googleapis.com/v1beta/projects/qwiklabs-gcp-00-613f74e42054/locations/us-central1/instances {"type":"default_database"}
[debug] [2025-11-11T08:21:38.286Z] <<< [apiv2][status] POST https://firebasedatabase.googleapis.com/v1beta/projects/qwiklabs-gcp-00-613f74e42054/locations/us-central1/instances 200
[debug] [2025-11-11T08:21:38.286Z] <<< [apiv2][body] POST https://firebasedatabase.googleapis.com/v1beta/projects/qwiklabs-gcp-00-613f74e42054/locations/us-central1/instances {"name":"projects/254873455399/locations/us-central1/instances/qwiklabs-gcp-00-613f74e42054-default-rtdb","project":"projects/254873455399","databaseUrl":"https://qwiklabs-gcp-00-613f74e42054-default-rtdb.firebaseio.com","type":"DEFAULT_DATABASE","state":"ACTIVE"}
[debug] [2025-11-11T08:21:38.292Z] No OAuth tokens found
[debug] [2025-11-11T08:21:38.293Z] >>> [apiv2][query] POST https://firebasedatabase.googleapis.com/v1beta/projects/qwiklabs-gcp-00-613f74e42054/locations/us-central1/instances databaseId=qwiklabs-gcp-00-613f74e42054-default-rtdb
[debug] [2025-11-11T08:21:38.293Z] >>> [apiv2][body] POST https://firebasedatabase.googleapis.com/v1beta/projects/qwiklabs-gcp-00-613f74e42054/locations/us-central1/instances {"type":"default_database"}
[debug] [2025-11-11T08:21:39.044Z] <<< [apiv2][status] POST https://firebasedatabase.googleapis.com/v1beta/projects/qwiklabs-gcp-00-613f74e42054/locations/us-central1/instances 200
[debug] [2025-11-11T08:21:39.045Z] <<< [apiv2][body] POST https://firebasedatabase.googleapis.com/v1beta/projects/qwiklabs-gcp-00-613f74e42054/locations/us-central1/instances {"name":"projects/254873455399/locations/us-central1/instances/qwiklabs-gcp-00-613f74e42054-default-rtdb","project":"projects/254873455399","databaseUrl":"https://qwiklabs-gcp-00-613f74e42054-default-rtdb.firebaseio.com","type":"DEFAULT_DATABASE","state":"ACTIVE"}
[debug] [2025-11-11T08:21:39.047Z] No OAuth tokens found
[debug] [2025-11-11T08:21:39.048Z] >>> [apiv2][query] GET https://qwiklabs-gcp-00-613f74e42054-default-rtdb.firebaseio.com/.settings/rules.json [none]
[debug] [2025-11-11T08:21:39.259Z] <<< [apiv2][status] GET https://qwiklabs-gcp-00-613f74e42054-default-rtdb.firebaseio.com/.settings/rules.json 401
[debug] [2025-11-11T08:21:39.260Z] <<< [apiv2][body] GET https://qwiklabs-gcp-00-613f74e42054-default-rtdb.firebaseio.com/.settings/rules.json [stream]
[debug] [2025-11-11T08:21:39.260Z] Got a 401 Unauthenticated error for a call that required authentication. Refreshing tokens.
[debug] [2025-11-11T08:21:39.260Z] No OAuth tokens found
[debug] [2025-11-11T08:21:39.261Z] No OAuth tokens found
[debug] [2025-11-11T08:21:39.261Z] > command requires scopes: ["email","openid","https://www.googleapis.com/auth/cloudplatformprojects.readonly","https://www.googleapis.com/auth/firebase","https://www.googleapis.com/auth/cloud-platform"]
[debug] [2025-11-11T08:21:39.261Z] Running auto auth
[debug] [2025-11-11T08:21:39.267Z] TypeError: Cannot read properties of undefined (reading 'access_token')
    at getAccessToken (/home/student-01-b1134f498c36/.cache/firebase/tools/lib/node_modules/firebase-tools/lib/apiv2.js:43:17)
    at process.processTicksAndRejections (node:internal/process/task_queues:95:5)
    at async RetryOperation._fn (/home/student-01-b1134f498c36/.cache/firebase/tools/lib/node_modules/firebase-tools/lib/apiv2.js:313:40)
[error] 
[error] Error: An unexpected error has occurred.
